<?xml version="1.0" encoding="UTF-8"?>
<!-- Generated by org.testng.reporters.JUnitReportReporter -->
<testsuite hostname="DESKTOP-UBRK0OG" failures="0" tests="1" name="vtigerTC.CraeteOrganizationTC" time="33.890" errors="0" timestamp="2024-04-25T16:11:19 IST" skipped="0">
  <testcase classname="vtigerTC.CraeteOrganizationTC" name="createorg" time="33.890"/>
</testsuite> <!-- vtigerTC.CraeteOrganizationTC -->
