<?xml version="1.0" encoding="UTF-8"?>
<!-- Generated by org.testng.reporters.JUnitReportReporter -->
<testsuite hostname="DESKTOP-UBRK0OG" failures="0" tests="1" name="vtigerTC.CreateContactTC" time="14.008" errors="0" timestamp="2024-04-26T19:44:14 IST" skipped="0">
  <testcase classname="vtigerTC.CreateContactTC" name="createContact" time="14.008"/>
</testsuite> <!-- vtigerTC.CreateContactTC -->
